2017-12-30 23:01:42,525 - Starting ProductCategoryRepositoryTest on DESKTOP-075DTB7 with PID 4428 (started by 123456 in C:\Javaworkspace\ideaProject\WxSell)
2017-12-30 23:01:42,526 - No active profile set, falling back to default profiles: default
2017-12-30 23:01:42,622 - Refreshing org.springframework.web.context.support.GenericWebApplicationContext@5ddeb7cb: startup date [Sat Dec 30 23:01:42 CST 2017]; root of context hierarchy
2017-12-30 23:01:43,345 - HV000001: Hibernate Validator 5.3.6.Final
2017-12-30 23:01:45,637 - Building JPA container EntityManagerFactory for persistence unit 'default'
2017-12-30 23:01:45,660 - HHH000204: Processing PersistenceUnitInfo [
	name: default
	...]
2017-12-30 23:01:45,761 - HHH000412: Hibernate Core {5.0.12.Final}
2017-12-30 23:01:45,762 - HHH000206: hibernate.properties not found
2017-12-30 23:01:45,764 - HHH000021: Bytecode provider name : javassist
2017-12-30 23:01:45,828 - HCANN000001: Hibernate Commons Annotations {5.0.1.Final}
2017-12-30 23:01:46,002 - HHH000400: Using dialect: org.hibernate.dialect.MySQL5Dialect
2017-12-30 23:01:47,001 - Initialized JPA EntityManagerFactory for persistence unit 'default'
2017-12-30 23:01:48,096 - Looking for @ControllerAdvice: org.springframework.web.context.support.GenericWebApplicationContext@5ddeb7cb: startup date [Sat Dec 30 23:01:42 CST 2017]; root of context hierarchy
2017-12-30 23:01:48,220 - Mapped "{[/error]}" onto public org.springframework.http.ResponseEntity<java.util.Map<java.lang.String, java.lang.Object>> org.springframework.boot.autoconfigure.web.BasicErrorController.error(javax.servlet.http.HttpServletRequest)
2017-12-30 23:01:48,221 - Mapped "{[/error],produces=[text/html]}" onto public org.springframework.web.servlet.ModelAndView org.springframework.boot.autoconfigure.web.BasicErrorController.errorHtml(javax.servlet.http.HttpServletRequest,javax.servlet.http.HttpServletResponse)
2017-12-30 23:01:48,265 - Mapped URL path [/webjars/**] onto handler of type [class org.springframework.web.servlet.resource.ResourceHttpRequestHandler]
2017-12-30 23:01:48,266 - Mapped URL path [/**] onto handler of type [class org.springframework.web.servlet.resource.ResourceHttpRequestHandler]
2017-12-30 23:01:48,339 - Mapped URL path [/**/favicon.ico] onto handler of type [class org.springframework.web.servlet.resource.ResourceHttpRequestHandler]
2017-12-30 23:01:48,732 - Started ProductCategoryRepositoryTest in 7.272 seconds (JVM running for 8.554)
2017-12-30 23:01:48,880 - Closing org.springframework.web.context.support.GenericWebApplicationContext@5ddeb7cb: startup date [Sat Dec 30 23:01:42 CST 2017]; root of context hierarchy
2017-12-30 23:01:48,886 - Closing JPA EntityManagerFactory for persistence unit 'default'
2017-12-30 23:02:52,379 - Starting ProductCategoryRepositoryTest on DESKTOP-075DTB7 with PID 1316 (started by 123456 in C:\Javaworkspace\ideaProject\WxSell)
2017-12-30 23:02:52,384 - No active profile set, falling back to default profiles: default
2017-12-30 23:02:52,544 - Refreshing org.springframework.web.context.support.GenericWebApplicationContext@5ddeb7cb: startup date [Sat Dec 30 23:02:52 CST 2017]; root of context hierarchy
2017-12-30 23:02:53,148 - HV000001: Hibernate Validator 5.3.6.Final
2017-12-30 23:02:55,359 - Building JPA container EntityManagerFactory for persistence unit 'default'
2017-12-30 23:02:55,382 - HHH000204: Processing PersistenceUnitInfo [
	name: default
	...]
2017-12-30 23:02:55,483 - HHH000412: Hibernate Core {5.0.12.Final}
2017-12-30 23:02:55,485 - HHH000206: hibernate.properties not found
2017-12-30 23:02:55,487 - HHH000021: Bytecode provider name : javassist
2017-12-30 23:02:55,542 - HCANN000001: Hibernate Commons Annotations {5.0.1.Final}
2017-12-30 23:02:55,704 - HHH000400: Using dialect: org.hibernate.dialect.MySQL5Dialect
2017-12-30 23:02:56,614 - Initialized JPA EntityManagerFactory for persistence unit 'default'
2017-12-30 23:02:57,837 - Looking for @ControllerAdvice: org.springframework.web.context.support.GenericWebApplicationContext@5ddeb7cb: startup date [Sat Dec 30 23:02:52 CST 2017]; root of context hierarchy
2017-12-30 23:02:58,548 - Mapped "{[/error]}" onto public org.springframework.http.ResponseEntity<java.util.Map<java.lang.String, java.lang.Object>> org.springframework.boot.autoconfigure.web.BasicErrorController.error(javax.servlet.http.HttpServletRequest)
2017-12-30 23:02:58,549 - Mapped "{[/error],produces=[text/html]}" onto public org.springframework.web.servlet.ModelAndView org.springframework.boot.autoconfigure.web.BasicErrorController.errorHtml(javax.servlet.http.HttpServletRequest,javax.servlet.http.HttpServletResponse)
2017-12-30 23:02:58,620 - Mapped URL path [/webjars/**] onto handler of type [class org.springframework.web.servlet.resource.ResourceHttpRequestHandler]
2017-12-30 23:02:58,621 - Mapped URL path [/**] onto handler of type [class org.springframework.web.servlet.resource.ResourceHttpRequestHandler]
2017-12-30 23:02:58,835 - Mapped URL path [/**/favicon.ico] onto handler of type [class org.springframework.web.servlet.resource.ResourceHttpRequestHandler]
2017-12-30 23:02:59,475 - Started ProductCategoryRepositoryTest in 8.688 seconds (JVM running for 10.404)
2017-12-30 23:02:59,754 - Closing org.springframework.web.context.support.GenericWebApplicationContext@5ddeb7cb: startup date [Sat Dec 30 23:02:52 CST 2017]; root of context hierarchy
2017-12-30 23:02:59,759 - Closing JPA EntityManagerFactory for persistence unit 'default'
2017-12-30 23:03:35,252 - Starting ProductCategoryRepositoryTest on DESKTOP-075DTB7 with PID 2296 (started by 123456 in C:\Javaworkspace\ideaProject\WxSell)
2017-12-30 23:03:35,253 - No active profile set, falling back to default profiles: default
2017-12-30 23:03:35,307 - Refreshing org.springframework.web.context.support.GenericWebApplicationContext@24569dba: startup date [Sat Dec 30 23:03:35 CST 2017]; root of context hierarchy
2017-12-30 23:03:36,013 - HV000001: Hibernate Validator 5.3.6.Final
2017-12-30 23:03:39,344 - Building JPA container EntityManagerFactory for persistence unit 'default'
2017-12-30 23:03:39,368 - HHH000204: Processing PersistenceUnitInfo [
	name: default
	...]
2017-12-30 23:03:39,479 - HHH000412: Hibernate Core {5.0.12.Final}
2017-12-30 23:03:39,482 - HHH000206: hibernate.properties not found
2017-12-30 23:03:39,484 - HHH000021: Bytecode provider name : javassist
2017-12-30 23:03:39,544 - HCANN000001: Hibernate Commons Annotations {5.0.1.Final}
2017-12-30 23:03:39,747 - HHH000400: Using dialect: org.hibernate.dialect.MySQL5Dialect
2017-12-30 23:03:40,842 - Initialized JPA EntityManagerFactory for persistence unit 'default'
2017-12-30 23:03:41,811 - Looking for @ControllerAdvice: org.springframework.web.context.support.GenericWebApplicationContext@24569dba: startup date [Sat Dec 30 23:03:35 CST 2017]; root of context hierarchy
2017-12-30 23:03:41,922 - Mapped "{[/error]}" onto public org.springframework.http.ResponseEntity<java.util.Map<java.lang.String, java.lang.Object>> org.springframework.boot.autoconfigure.web.BasicErrorController.error(javax.servlet.http.HttpServletRequest)
2017-12-30 23:03:41,923 - Mapped "{[/error],produces=[text/html]}" onto public org.springframework.web.servlet.ModelAndView org.springframework.boot.autoconfigure.web.BasicErrorController.errorHtml(javax.servlet.http.HttpServletRequest,javax.servlet.http.HttpServletResponse)
2017-12-30 23:03:41,989 - Mapped URL path [/webjars/**] onto handler of type [class org.springframework.web.servlet.resource.ResourceHttpRequestHandler]
2017-12-30 23:03:41,990 - Mapped URL path [/**] onto handler of type [class org.springframework.web.servlet.resource.ResourceHttpRequestHandler]
2017-12-30 23:03:42,056 - Mapped URL path [/**/favicon.ico] onto handler of type [class org.springframework.web.servlet.resource.ResourceHttpRequestHandler]
2017-12-30 23:03:42,435 - Started ProductCategoryRepositoryTest in 8.233 seconds (JVM running for 9.516)
2017-12-30 23:03:42,600 - Closing org.springframework.web.context.support.GenericWebApplicationContext@24569dba: startup date [Sat Dec 30 23:03:35 CST 2017]; root of context hierarchy
2017-12-30 23:03:42,604 - Closing JPA EntityManagerFactory for persistence unit 'default'
2017-12-30 23:04:16,021 - Starting ProductCategoryRepositoryTest on DESKTOP-075DTB7 with PID 9984 (started by 123456 in C:\Javaworkspace\ideaProject\WxSell)
2017-12-30 23:04:16,021 - No active profile set, falling back to default profiles: default
2017-12-30 23:04:16,081 - Refreshing org.springframework.web.context.support.GenericWebApplicationContext@5ddeb7cb: startup date [Sat Dec 30 23:04:16 CST 2017]; root of context hierarchy
2017-12-30 23:04:16,687 - HV000001: Hibernate Validator 5.3.6.Final
2017-12-30 23:04:18,800 - Building JPA container EntityManagerFactory for persistence unit 'default'
2017-12-30 23:04:18,818 - HHH000204: Processing PersistenceUnitInfo [
	name: default
	...]
2017-12-30 23:04:18,900 - HHH000412: Hibernate Core {5.0.12.Final}
2017-12-30 23:04:18,902 - HHH000206: hibernate.properties not found
2017-12-30 23:04:18,903 - HHH000021: Bytecode provider name : javassist
2017-12-30 23:04:18,956 - HCANN000001: Hibernate Commons Annotations {5.0.1.Final}
2017-12-30 23:04:19,123 - HHH000400: Using dialect: org.hibernate.dialect.MySQL5Dialect
2017-12-30 23:04:20,028 - Initialized JPA EntityManagerFactory for persistence unit 'default'
2017-12-30 23:04:21,142 - Looking for @ControllerAdvice: org.springframework.web.context.support.GenericWebApplicationContext@5ddeb7cb: startup date [Sat Dec 30 23:04:16 CST 2017]; root of context hierarchy
2017-12-30 23:04:21,235 - Mapped "{[/error]}" onto public org.springframework.http.ResponseEntity<java.util.Map<java.lang.String, java.lang.Object>> org.springframework.boot.autoconfigure.web.BasicErrorController.error(javax.servlet.http.HttpServletRequest)
2017-12-30 23:04:21,237 - Mapped "{[/error],produces=[text/html]}" onto public org.springframework.web.servlet.ModelAndView org.springframework.boot.autoconfigure.web.BasicErrorController.errorHtml(javax.servlet.http.HttpServletRequest,javax.servlet.http.HttpServletResponse)
2017-12-30 23:04:21,290 - Mapped URL path [/webjars/**] onto handler of type [class org.springframework.web.servlet.resource.ResourceHttpRequestHandler]
2017-12-30 23:04:21,290 - Mapped URL path [/**] onto handler of type [class org.springframework.web.servlet.resource.ResourceHttpRequestHandler]
2017-12-30 23:04:21,523 - Mapped URL path [/**/favicon.ico] onto handler of type [class org.springframework.web.servlet.resource.ResourceHttpRequestHandler]
2017-12-30 23:04:24,147 - Started ProductCategoryRepositoryTest in 9.14 seconds (JVM running for 10.309)
2017-12-30 23:04:24,403 - Closing org.springframework.web.context.support.GenericWebApplicationContext@5ddeb7cb: startup date [Sat Dec 30 23:04:16 CST 2017]; root of context hierarchy
2017-12-30 23:04:24,418 - Closing JPA EntityManagerFactory for persistence unit 'default'
2017-12-30 23:05:37,337 - Starting ProductCategoryRepositoryTest on DESKTOP-075DTB7 with PID 6328 (started by 123456 in C:\Javaworkspace\ideaProject\WxSell)
2017-12-30 23:05:37,337 - No active profile set, falling back to default profiles: default
2017-12-30 23:05:37,393 - Refreshing org.springframework.web.context.support.GenericWebApplicationContext@5ddeb7cb: startup date [Sat Dec 30 23:05:37 CST 2017]; root of context hierarchy
2017-12-30 23:05:38,152 - HV000001: Hibernate Validator 5.3.6.Final
2017-12-30 23:05:40,219 - Building JPA container EntityManagerFactory for persistence unit 'default'
2017-12-30 23:05:40,242 - HHH000204: Processing PersistenceUnitInfo [
	name: default
	...]
2017-12-30 23:05:40,362 - HHH000412: Hibernate Core {5.0.12.Final}
2017-12-30 23:05:40,365 - HHH000206: hibernate.properties not found
2017-12-30 23:05:40,367 - HHH000021: Bytecode provider name : javassist
2017-12-30 23:05:40,447 - HCANN000001: Hibernate Commons Annotations {5.0.1.Final}
2017-12-30 23:05:40,645 - HHH000400: Using dialect: org.hibernate.dialect.MySQL5Dialect
2017-12-30 23:05:41,689 - Initialized JPA EntityManagerFactory for persistence unit 'default'
2017-12-30 23:05:42,948 - Looking for @ControllerAdvice: org.springframework.web.context.support.GenericWebApplicationContext@5ddeb7cb: startup date [Sat Dec 30 23:05:37 CST 2017]; root of context hierarchy
2017-12-30 23:05:43,060 - Mapped "{[/error]}" onto public org.springframework.http.ResponseEntity<java.util.Map<java.lang.String, java.lang.Object>> org.springframework.boot.autoconfigure.web.BasicErrorController.error(javax.servlet.http.HttpServletRequest)
2017-12-30 23:05:43,062 - Mapped "{[/error],produces=[text/html]}" onto public org.springframework.web.servlet.ModelAndView org.springframework.boot.autoconfigure.web.BasicErrorController.errorHtml(javax.servlet.http.HttpServletRequest,javax.servlet.http.HttpServletResponse)
2017-12-30 23:05:43,107 - Mapped URL path [/webjars/**] onto handler of type [class org.springframework.web.servlet.resource.ResourceHttpRequestHandler]
2017-12-30 23:05:43,107 - Mapped URL path [/**] onto handler of type [class org.springframework.web.servlet.resource.ResourceHttpRequestHandler]
2017-12-30 23:05:43,167 - Mapped URL path [/**/favicon.ico] onto handler of type [class org.springframework.web.servlet.resource.ResourceHttpRequestHandler]
2017-12-30 23:05:43,737 - Started ProductCategoryRepositoryTest in 7.657 seconds (JVM running for 9.733)
2017-12-30 23:05:44,098 - Closing org.springframework.web.context.support.GenericWebApplicationContext@5ddeb7cb: startup date [Sat Dec 30 23:05:37 CST 2017]; root of context hierarchy
2017-12-30 23:05:44,102 - Closing JPA EntityManagerFactory for persistence unit 'default'
